# JRE version: OpenJDK Runtime Environment Temurin-17.0.6+10 (17.0.6+10) (build 17.0.6+10)
# Java VM: OpenJDK 64-Bit Server VM Temurin-17.0.6+10 (17.0.6+10, mixed mode, emulated-client, tiered, compressed oops, compressed class ptrs, g1 gc, windows-amd64)
GC Precious Log:
 CPUs: 8 total, 8 available
 Memory: 16151M
 Large Page Support: Disabled
 NUMA Support: Disabled
 Compressed Oops: Enabled (32-bit)
 Heap Region Size: 1M
 Heap Min Capacity: 8M
 Heap Initial Capacity: 254M
 Heap Max Capacity: 1G
 Pre-touch: Disabled
 Parallel Workers: 8
 Concurrent Workers: 2
 Concurrent Refinement Workers: 8
 Periodic GC: Disabled
Heap:
 garbage-first heap   total 55296K, used 19926K [0x00000000c0000000, 0x0000000100000000)
  region size 1024K, 1 young (1024K), 0 survivors (0K)
 Metaspace       used 45006K, committed 45632K, reserved 1089536K
  class space    used 5992K, committed 6272K, reserved 1048576K
GC Heap History (20 events):
Event: 109370.518 GC heap before
{Heap before GC invocations=6663 (full 6650):
 garbage-first heap   total 55296K, used 19926K [0x00000000c0000000, 0x0000000100000000)
  region size 1024K, 1 young (1024K), 0 survivors (0K)
 Metaspace       used 45006K, committed 45632K, reserved 1089536K
  class space    used 5992K, committed 6272K, reserved 1048576K
}
Event: 109370.550 GC heap after
{Heap after GC invocations=6664 (full 6651):
 garbage-first heap   total 55296K, used 19926K [0x00000000c0000000, 0x0000000100000000)
  region size 1024K, 0 young (0K), 0 survivors (0K)
 Metaspace       used 45006K, committed 45632K, reserved 1089536K
  class space    used 5992K, committed 6272K, reserved 1048576K
}
Event: 109380.987 GC heap before
{Heap before GC invocations=6664 (full 6651):
 garbage-first heap   total 55296K, used 19926K [0x00000000c0000000, 0x0000000100000000)
  region size 1024K, 1 young (1024K), 0 survivors (0K)
 Metaspace       used 45006K, committed 45632K, reserved 1089536K
  class space    used 5992K, committed 6272K, reserved 1048576K
}
Event: 109381.033 GC heap after
{Heap after GC invocations=6665 (full 6652):
 garbage-first heap   total 55296K, used 19926K [0x00000000c0000000, 0x0000000100000000)
  region size 1024K, 0 young (0K), 0 survivors (0K)
 Metaspace       used 45006K, committed 45632K, reserved 1089536K
  class space    used 5992K, committed 6272K, reserved 1048576K
}
Event: 109391.444 GC heap before
{Heap before GC invocations=6665 (full 6652):
 garbage-first heap   total 55296K, used 19926K [0x00000000c0000000, 0x0000000100000000)
  region size 1024K, 1 young (1024K), 0 survivors (0K)
 Metaspace       used 45006K, committed 45632K, reserved 1089536K
  class space    used 5992K, committed 6272K, reserved 1048576K
}
Event: 109391.480 GC heap after
{Heap after GC invocations=6666 (full 6653):
 garbage-first heap   total 55296K, used 19926K [0x00000000c0000000, 0x0000000100000000)
  region size 1024K, 0 young (0K), 0 survivors (0K)
 Metaspace       used 45006K, committed 45632K, reserved 1089536K
  class space    used 5992K, committed 6272K, reserved 1048576K
}
Event: 109401.873 GC heap before
{Heap before GC invocations=6666 (full 6653):
 garbage-first heap   total 55296K, used 19926K [0x00000000c0000000, 0x0000000100000000)
  region size 1024K, 1 young (1024K), 0 survivors (0K)
 Metaspace       used 45006K, committed 45632K, reserved 1089536K
  class space    used 5992K, committed 6272K, reserved 1048576K
}
Event: 109401.899 GC heap after
{Heap after GC invocations=6667 (full 6654):
 garbage-first heap   total 55296K, used 19926K [0x00000000c0000000, 0x0000000100000000)
  region size 1024K, 0 young (0K), 0 survivors (0K)
 Metaspace       used 45006K, committed 45632K, reserved 1089536K
  class space    used 5992K, committed 6272K, reserved 1048576K
}
Event: 109412.322 GC heap before
{Heap before GC invocations=6667 (full 6654):
 garbage-first heap   total 55296K, used 19926K [0x00000000c0000000, 0x0000000100000000)
  region size 1024K, 1 young (1024K), 0 survivors (0K)
 Metaspace       used 45006K, committed 45632K, reserved 1089536K
  class space    used 5992K, committed 6272K, reserved 1048576K
}
Event: 109412.351 GC heap after
{Heap after GC invocations=6668 (full 6655):
 garbage-first heap   total 55296K, used 19926K [0x00000000c0000000, 0x0000000100000000)
  region size 1024K, 0 young (0K), 0 survivors (0K)
 Metaspace       used 45006K, committed 45632K, reserved 1089536K
  class space    used 5992K, committed 6272K, reserved 1048576K
}
Event: 109422.805 GC heap before
{Heap before GC invocations=6668 (full 6655):
 garbage-first heap   total 55296K, used 19926K [0x00000000c0000000, 0x0000000100000000)
  region size 1024K, 1 young (1024K), 0 survivors (0K)
 Metaspace       used 45006K, committed 45632K, reserved 1089536K
  class space    used 5992K, committed 6272K, reserved 1048576K
}
Event: 109422.840 GC heap after
{Heap after GC invocations=6669 (full 6656):
 garbage-first heap   total 55296K, used 19926K [0x00000000c0000000, 0x0000000100000000)
  region size 1024K, 0 young (0K), 0 survivors (0K)
 Metaspace       used 45006K, committed 45632K, reserved 1089536K
  class space    used 5992K, committed 6272K, reserved 1048576K
}
Event: 109433.262 GC heap before
{Heap before GC invocations=6669 (full 6656):
 garbage-first heap   total 55296K, used 19926K [0x00000000c0000000, 0x0000000100000000)
  region size 1024K, 1 young (1024K), 0 survivors (0K)
 Metaspace       used 45006K, committed 45632K, reserved 1089536K
  class space    used 5992K, committed 6272K, reserved 1048576K
}
Event: 109433.303 GC heap after
{Heap after GC invocations=6670 (full 6657):
 garbage-first heap   total 55296K, used 19926K [0x00000000c0000000, 0x0000000100000000)
  region size 1024K, 0 young (0K), 0 survivors (0K)
 Metaspace       used 45006K, committed 45632K, reserved 1089536K
  class space    used 5992K, committed 6272K, reserved 1048576K
}
Event: 109443.717 GC heap before
{Heap before GC invocations=6670 (full 6657):
 garbage-first heap   total 55296K, used 19926K [0x00000000c0000000, 0x0000000100000000)
  region size 1024K, 1 young (1024K), 0 survivors (0K)
 Metaspace       used 45006K, committed 45632K, reserved 1089536K
  class space    used 5992K, committed 6272K, reserved 1048576K
}
Event: 109443.761 GC heap after
{Heap after GC invocations=6671 (full 6658):
 garbage-first heap   total 55296K, used 19926K [0x00000000c0000000, 0x0000000100000000)
  region size 1024K, 0 young (0K), 0 survivors (0K)
 Metaspace       used 45006K, committed 45632K, reserved 1089536K
  class space    used 5992K, committed 6272K, reserved 1048576K
}
Event: 109454.221 GC heap before
{Heap before GC invocations=6671 (full 6658):
 garbage-first heap   total 55296K, used 19926K [0x00000000c0000000, 0x0000000100000000)
  region size 1024K, 1 young (1024K), 0 survivors (0K)
 Metaspace       used 45006K, committed 45632K, reserved 1089536K
  class space    used 5992K, committed 6272K, reserved 1048576K
}
Event: 109454.255 GC heap after
{Heap after GC invocations=6672 (full 6659):
 garbage-first heap   total 55296K, used 19926K [0x00000000c0000000, 0x0000000100000000)
  region size 1024K, 0 young (0K), 0 survivors (0K)
 Metaspace       used 45006K, committed 45632K, reserved 1089536K
  class space    used 5992K, committed 6272K, reserved 1048576K
}
Event: 109464.679 GC heap before
{Heap before GC invocations=6672 (full 6659):
 garbage-first heap   total 55296K, used 19926K [0x00000000c0000000, 0x0000000100000000)
  region size 1024K, 1 young (1024K), 0 survivors (0K)
 Metaspace       used 45006K, committed 45632K, reserved 1089536K
  class space    used 5992K, committed 6272K, reserved 1048576K
}
Event: 109464.707 GC heap after
{Heap after GC invocations=6673 (full 6660):
 garbage-first heap   total 55296K, used 19926K [0x00000000c0000000, 0x0000000100000000)
  region size 1024K, 0 young (0K), 0 survivors (0K)
 Metaspace       used 45006K, committed 45632K, reserved 1089536K
  class space    used 5992K, committed 6272K, reserved 1048576K
}

